Build started 30.03.2015 14:01:56.
     1>Project "C:\Users\hp9\workspace\untitled\RML\Source\RmlThesLib\RmlThesLib.vcxproj" on node 2 (Build target(s)).
       Project file contains ToolsVersion="12.0". This toolset may be unknown or missing, in which case you may be able to resolve this by installing the appropriate version of MSBuild, or the build may have been forced to a particular ToolsVersion for policy reasons. Treating the project as if it had ToolsVersion="4.0". For more information, please see http://go.microsoft.com/fwlink/?LinkId=291333.
     1>ClCompile:
         C:\Program Files (x86)\Microsoft Visual Studio 11.0\VC\bin\CL.exe /c /nologo /W3 /WX- /O2 /Oy- /D WIN32 /D NDEBUG /D _LIB /D _VC80_UPGRADE=0x0710 /D _MBCS /Gm- /EHsc /MDd /GS /fp:precise /Zc:wchar_t /Zc:forScope /Yc"StdRmlThes.h" /Fp".\Debug/RmlThesLib.pch" /Fo".\Debug/" /Fd".\Debug/" /Gd /TP /analyze- /errorReport:prompt StdRmlThes.cpp
         StdRmlThes.cpp
         C:\Program Files (x86)\Microsoft Visual Studio 11.0\VC\bin\CL.exe /c /nologo /W3 /WX- /O2 /Oy- /D WIN32 /D NDEBUG /D _LIB /D _VC80_UPGRADE=0x0710 /D _MBCS /Gm- /EHsc /MDd /GS /fp:precise /Zc:wchar_t /Zc:forScope /Yu"StdRmlThes.h" /Fp".\Debug/RmlThesLib.pch" /Fo".\Debug/" /Fd".\Debug/" /Gd /TP /analyze- /errorReport:prompt Concepts.cpp Models.cpp Relats.cpp Synonyms.cpp Termins.cpp Thesaurus.cpp ThesOborots.cpp
         Concepts.cpp
         Models.cpp
         Relats.cpp
         Synonyms.cpp
         Termins.cpp
         Thesaurus.cpp
         ThesOborots.cpp
         Generating Code...
       Lib:
         C:\Program Files (x86)\Microsoft Visual Studio 11.0\VC\bin\Lib.exe /OUT:".\Debug\RmlThesLib.lib" /NOLOGO .\Debug/Concepts.obj
         .\Debug/Models.obj
         .\Debug/Relats.obj
         .\Debug/StdRmlThes.obj
         .\Debug/Synonyms.obj
         .\Debug/Termins.obj
         .\Debug/Thesaurus.obj
         .\Debug/ThesOborots.obj
         RmlThesLib.vcxproj -> C:\Users\hp9\workspace\untitled\RML\Source\RmlThesLib\.\Debug\RmlThesLib.lib
     1>Done Building Project "C:\Users\hp9\workspace\untitled\RML\Source\RmlThesLib\RmlThesLib.vcxproj" (Build target(s)).

Build succeeded.

Time Elapsed 00:00:09.76
