C:\RML\Source\PCRE\libs-pcre.dir\Debug\pcre_chartables.obj
C:\RML\Source\PCRE\libs-pcre.dir\Debug\pcre_compile.obj
C:\RML\Source\PCRE\libs-pcre.dir\Debug\pcre_config.obj
C:\RML\Source\PCRE\libs-pcre.dir\Debug\pcre_dfa_exec.obj
C:\RML\Source\PCRE\libs-pcre.dir\Debug\pcre_exec.obj
C:\RML\Source\PCRE\libs-pcre.dir\Debug\pcre_fullinfo.obj
C:\RML\Source\PCRE\libs-pcre.dir\Debug\pcre_get.obj
C:\RML\Source\PCRE\libs-pcre.dir\Debug\pcre_globals.obj
C:\RML\Source\PCRE\libs-pcre.dir\Debug\pcre_info.obj
C:\RML\Source\PCRE\libs-pcre.dir\Debug\pcre_maketables.obj
C:\RML\Source\PCRE\libs-pcre.dir\Debug\pcre_newline.obj
C:\RML\Source\PCRE\libs-pcre.dir\Debug\pcre_ord2utf8.obj
C:\RML\Source\PCRE\libs-pcre.dir\Debug\pcre_refcount.obj
C:\RML\Source\PCRE\libs-pcre.dir\Debug\pcre_rml.obj
C:\RML\Source\PCRE\libs-pcre.dir\Debug\pcre_study.obj
C:\RML\Source\PCRE\libs-pcre.dir\Debug\pcre_tables.obj
C:\RML\Source\PCRE\libs-pcre.dir\Debug\pcre_try_flipped.obj
C:\RML\Source\PCRE\libs-pcre.dir\Debug\pcre_ucp_searchfuncs.obj
C:\RML\Source\PCRE\libs-pcre.dir\Debug\pcre_valid_utf8.obj
C:\RML\Source\PCRE\libs-pcre.dir\Debug\pcre_version.obj
C:\RML\Source\PCRE\libs-pcre.dir\Debug\pcre_xclass.obj
C:\RML\Source\PCRE\libs-pcre.dir\Debug\pcreposix.obj
