Build started 30.03.2015 14:01:11.
     1>Project "C:\Users\hp9\workspace\untitled\RML\Source\PCRE\PCRE.vcxproj" on node 2 (Build target(s)).
       Project file contains ToolsVersion="12.0". This toolset may be unknown or missing, in which case you may be able to resolve this by installing the appropriate version of MSBuild, or the build may have been forced to a particular ToolsVersion for policy reasons. Treating the project as if it had ToolsVersion="4.0". For more information, please see http://go.microsoft.com/fwlink/?LinkId=291333.
     1>ClCompile:
         C:\Program Files (x86)\Microsoft Visual Studio 11.0\VC\bin\CL.exe /c /Zi /nologo /W0 /WX- /Od /Oy- /D WIN32 /D _WINDOWS /D STRICT /D _MBCS /D _CRT_SECURE_NO_WARNINGS /D _CRT_NONSTDC_NO_WARNINGS /D _USE_MATH_DEFINES /D _WIN32_WINNT=0x0501 /D _DEBUG /D SSE_ENABLED=1 /D SSE2_ENABLED=1 /D HAVE_CONFIG_H /D USE_INTERNAL_STL /D "CMAKE_INTDIR=\"Debug\"" /D _MBCS /Gm- /EHsc /RTC1 /MDd /GS /fp:precise /Zc:wchar_t /Zc:forScope /GR /Fo"libs-pcre.dir\Debug\\" /Fd"C:\trunk\build\bin\Debug/libs-pcre.pdb" /Gd /TP /analyze- /errorReport:prompt  /Zm1000 /bigobj /FD /FC /c pcre_chartables.cpp pcre_compile.cpp pcre_config.cpp pcre_dfa_exec.cpp pcre_exec.cpp pcre_fullinfo.cpp pcre_get.cpp pcre_globals.cpp pcre_info.cpp pcre_maketables.cpp pcre_newline.cpp pcre_ord2utf8.cpp pcre_refcount.cpp pcre_study.cpp pcre_tables.cpp pcre_try_flipped.cpp pcre_ucp_searchfuncs.cpp pcre_valid_utf8.cpp pcre_version.cpp pcre_xclass.cpp pcreposix.cpp pcre_rml.cpp
         pcre_chartables.cpp
         pcre_compile.cpp
         pcre_config.cpp
         pcre_dfa_exec.cpp
         pcre_exec.cpp
         pcre_fullinfo.cpp
         pcre_get.cpp
         pcre_globals.cpp
         pcre_info.cpp
         pcre_maketables.cpp
         pcre_newline.cpp
         pcre_ord2utf8.cpp
         pcre_refcount.cpp
         pcre_study.cpp
         pcre_tables.cpp
         pcre_try_flipped.cpp
         pcre_ucp_searchfuncs.cpp
         pcre_valid_utf8.cpp
         pcre_version.cpp
         pcre_xclass.cpp
         Generating Code...
         Compiling...
         pcreposix.cpp
         pcre_rml.cpp
         Generating Code...
     1>C:\Program Files (x86)\MSBuild\Microsoft.Cpp\v4.0\V110\Microsoft.CppBuild.targets(1299,5): warning MSB8012: TargetPath(C:\Users\hp9\workspace\untitled\RML\Source\PCRE\Debug\PCRE.lib) does not match the Library's OutputFile property value (C:\trunk\build\bin\Debug\libs-pcre.lib). This may cause your project to build incorrectly. To correct this, please make sure that $(OutDir), $(TargetName) and $(TargetExt) property values match the value specified in %(Lib.OutputFile).
     1>C:\Program Files (x86)\MSBuild\Microsoft.Cpp\v4.0\V110\Microsoft.CppBuild.targets(1301,5): warning MSB8012: TargetName(PCRE) does not match the Library's OutputFile property value (libs-pcre). This may cause your project to build incorrectly. To correct this, please make sure that $(OutDir), $(TargetName) and $(TargetExt) property values match the value specified in %(Lib.OutputFile).
       Lib:
         C:\Program Files (x86)\Microsoft Visual Studio 11.0\VC\bin\Lib.exe /OUT:"C:\trunk\build\bin\Debug\libs-pcre.lib" /NOLOGO "libs-pcre.dir\Debug\pcre_chartables.obj"
         "libs-pcre.dir\Debug\pcre_compile.obj"
         "libs-pcre.dir\Debug\pcre_config.obj"
         "libs-pcre.dir\Debug\pcre_dfa_exec.obj"
         "libs-pcre.dir\Debug\pcre_exec.obj"
         "libs-pcre.dir\Debug\pcre_fullinfo.obj"
         "libs-pcre.dir\Debug\pcre_get.obj"
         "libs-pcre.dir\Debug\pcre_globals.obj"
         "libs-pcre.dir\Debug\pcre_info.obj"
         "libs-pcre.dir\Debug\pcre_maketables.obj"
         "libs-pcre.dir\Debug\pcre_newline.obj"
         "libs-pcre.dir\Debug\pcre_ord2utf8.obj"
         "libs-pcre.dir\Debug\pcre_refcount.obj"
         "libs-pcre.dir\Debug\pcre_study.obj"
         "libs-pcre.dir\Debug\pcre_tables.obj"
         "libs-pcre.dir\Debug\pcre_try_flipped.obj"
         "libs-pcre.dir\Debug\pcre_ucp_searchfuncs.obj"
         "libs-pcre.dir\Debug\pcre_valid_utf8.obj"
         "libs-pcre.dir\Debug\pcre_version.obj"
         "libs-pcre.dir\Debug\pcre_xclass.obj"
         "libs-pcre.dir\Debug\pcreposix.obj"
         "libs-pcre.dir\Debug\pcre_rml.obj"
         PCRE.vcxproj -> C:\Users\hp9\workspace\untitled\RML\Source\PCRE\Debug\PCRE.lib
     1>Done Building Project "C:\Users\hp9\workspace\untitled\RML\Source\PCRE\PCRE.vcxproj" (Build target(s)).

Build succeeded.

Time Elapsed 00:00:07.79
