Build started 30.03.2015 14:16:12.
     1>Project "C:\Users\hp9\workspace\untitled\RML\Source\TrigramLib\TrigramLib.vcxproj" on node 2 (Build target(s)).
       Project file contains ToolsVersion="12.0". This toolset may be unknown or missing, in which case you may be able to resolve this by installing the appropriate version of MSBuild, or the build may have been forced to a particular ToolsVersion for policy reasons. Treating the project as if it had ToolsVersion="4.0". For more information, please see http://go.microsoft.com/fwlink/?LinkId=291333.
     1>ClCompile:
         C:\Program Files (x86)\Microsoft Visual Studio 11.0\VC\bin\CL.exe /c /Zi /nologo /W3 /WX- /Od /Oy- /D WIN32 /D _DEBUG /D _LIB /D USE_TRIGRAM_LEMMATIZER /D _VC80_UPGRADE=0x0710 /D _MBCS /Gm- /EHsc /MDd /GS /fp:precise /Zc:wchar_t /Zc:forScope /Fo"Debug\\" /Fd"Debug\vc110.pdb" /Gd /TP /analyze- /errorReport:prompt ..\common\MorphXmlToken.cpp NGramFile.cpp ReadLexFile.cpp TrigramLemmatizer.cpp TrigramModel.cpp TrigramSerialize.cpp Viterbi.cpp ViterbiInfo.cpp
         MorphXmlToken.cpp
         NGramFile.cpp
         ReadLexFile.cpp
         TrigramLemmatizer.cpp
         TrigramModel.cpp
         TrigramSerialize.cpp
         Viterbi.cpp
         ViterbiInfo.cpp
         Generating Code...
         C:\Program Files (x86)\Microsoft Visual Studio 11.0\VC\bin\CL.exe /c /Zi /nologo /W3 /WX- /Od /Oy- /D WIN32 /D _DEBUG /D _LIB /D USE_TRIGRAM_LEMMATIZER /D _VC80_UPGRADE=0x0710 /D _MBCS /Gm- /EHsc /MDd /GS /fp:precise /Zc:wchar_t /Zc:forScope /Fo"Debug\TagSet1.obj" /Fd"Debug\vc110.pdb" /Gd /TP /analyze- /errorReport:prompt TagSet.cpp
         TagSet.cpp
       Lib:
         C:\Program Files (x86)\Microsoft Visual Studio 11.0\VC\bin\Lib.exe /OUT:"Debug\TrigramLib.lib" /NOLOGO Debug\MorphXmlToken.obj
         Debug\NGramFile.obj
         Debug\ReadLexFile.obj
         Debug\TrigramLemmatizer.obj
         Debug\TrigramModel.obj
         Debug\TrigramSerialize.obj
         Debug\Viterbi.obj
         Debug\ViterbiInfo.obj
         Debug\TagSet1.obj
         TrigramLib.vcxproj -> C:\Users\hp9\workspace\untitled\RML\Source\TrigramLib\Debug\TrigramLib.lib
     1>Done Building Project "C:\Users\hp9\workspace\untitled\RML\Source\TrigramLib\TrigramLib.vcxproj" (Build target(s)).

Build succeeded.

Time Elapsed 00:00:36.86
