Build started 30.03.2015 14:11:49.
     1>Project "C:\Users\hp9\workspace\untitled\RML\Source\SimpleGrammarLib\SimpleGrammarLib.vcxproj" on node 2 (Build target(s)).
       Project file contains ToolsVersion="12.0". This toolset may be unknown or missing, in which case you may be able to resolve this by installing the appropriate version of MSBuild, or the build may have been forced to a particular ToolsVersion for policy reasons. Treating the project as if it had ToolsVersion="4.0". For more information, please see http://go.microsoft.com/fwlink/?LinkId=291333.
     1>ClCompile:
         C:\Program Files (x86)\Microsoft Visual Studio 11.0\VC\bin\CL.exe /c /ZI /nologo /W3 /WX- /Od /Oy- /D WIN32 /D _DEBUG /D _LIB /D _VC80_UPGRADE=0x0710 /D _MBCS /Gm /EHsc /RTC1 /MDd /GS /fp:precise /Zc:wchar_t /Zc:forScope /Fo"Debug\\" /Fd"Debug\vc110.pdb" /Gd /TP /analyze- /errorReport:prompt chunk_yacc.cpp chunker_lex.cpp
         chunker_lex.cpp
     1>c:\users\hp9\workspace\untitled\rml\source\simplegrammarlib\chunker.tmp(1407): warning C4273: 'isatty' : inconsistent dll linkage
                 c:\program files (x86)\microsoft visual studio 11.0\vc\include\io.h(311) : see previous definition of 'isatty'
         chunk_yacc.cpp
     1>c:\users\hp9\workspace\untitled\rml\source\simplegrammarlib\chunk_yacc(728): warning C4065: switch statement contains 'default' but no 'case' labels
     1>c:\users\hp9\workspace\untitled\rml\source\simplegrammarlib\chunk_yacc(1094): warning C4065: switch statement contains 'default' but no 'case' labels
         Generating Code...
         C:\Program Files (x86)\Microsoft Visual Studio 11.0\VC\bin\CL.exe /c /ZI /nologo /W3 /WX- /Od /Oy- /D WIN32 /D _DEBUG /D _LIB /D _VC80_UPGRADE=0x0710 /D _MBCS /Gm /EHsc /RTC1 /MDd /GS /fp:precise /Zc:wchar_t /Zc:forScope /Yu"SimpleGrammarLib.h" /Fp"Debug\SimpleGrammarLib.pch" /Fo"Debug\\" /Fd"Debug\vc110.pdb" /Gd /TP /analyze- /errorReport:prompt ChunkNode.cpp ChunkParser.cpp AhoKorasick.cpp FirstAndFollow.cpp GetMaxCoverage.cpp GLR.cpp GLRTable.cpp GrammarItem.cpp Loader.cpp "LR-items.cpp" Parser.cpp SolvePeriodAmbiguity.cpp SourceGrammarParser.cpp
         SourceGrammarParser.cpp
         SolvePeriodAmbiguity.cpp
         Parser.cpp
         LR-items.cpp
         Loader.cpp
         GrammarItem.cpp
     1>c:\users\hp9\workspace\untitled\rml\source\simplegrammarlib\grammaritem.cpp(412): warning C4800: 'int' : forcing value to bool 'true' or 'false' (performance warning)
         GLRTable.cpp
         GLR.cpp
         GetMaxCoverage.cpp
         FirstAndFollow.cpp
         AhoKorasick.cpp
         ChunkParser.cpp
         ChunkNode.cpp
         Generating Code...
       Lib:
         C:\Program Files (x86)\Microsoft Visual Studio 11.0\VC\bin\Lib.exe /OUT:"Debug\SimpleGrammarLib.lib" /NOLOGO Debug\chunk_yacc.obj
         Debug\chunker_lex.obj
         Debug\ChunkNode.obj
         Debug\ChunkParser.obj
         Debug\AhoKorasick.obj
         Debug\FirstAndFollow.obj
         Debug\GetMaxCoverage.obj
         Debug\GLR.obj
         Debug\GLRTable.obj
         Debug\GrammarItem.obj
         Debug\Loader.obj
         "Debug\LR-items.obj"
         Debug\Parser.obj
         Debug\SimpleGrammarLib.obj
         Debug\SolvePeriodAmbiguity.obj
         Debug\SourceGrammarParser.obj
         SimpleGrammarLib.vcxproj -> C:\Users\hp9\workspace\untitled\RML\Source\SimpleGrammarLib\Debug\SimpleGrammarLib.lib
     1>Done Building Project "C:\Users\hp9\workspace\untitled\RML\Source\SimpleGrammarLib\SimpleGrammarLib.vcxproj" (Build target(s)).

Build succeeded.

Time Elapsed 00:00:35.22
