C:\RML\Source\Transfer\.\Debug\Transfer.lib
C:\RML\Source\Transfer\Debug\EngAdverbs.obj
C:\RML\Source\Transfer\Debug\EngAlg_1.obj
C:\RML\Source\Transfer\Debug\EngAlg_2.obj
C:\RML\Source\Transfer\Debug\EngAlg_3.obj
C:\RML\Source\Transfer\Debug\EngAlg_4.obj
C:\RML\Source\Transfer\Debug\EngAlg_5.obj
C:\RML\Source\Transfer\Debug\EngArticle.obj
C:\RML\Source\Transfer\Debug\EngAtomic.obj
C:\RML\Source\Transfer\Debug\EngBinaryTranslate.obj
C:\RML\Source\Transfer\Debug\EngEquivs.obj
C:\RML\Source\Transfer\Debug\EngHelper.obj
C:\RML\Source\Transfer\Debug\EngInterp.obj
C:\RML\Source\Transfer\Debug\EngNodeCreate.obj
C:\RML\Source\Transfer\Debug\EngNoun.obj
C:\RML\Source\Transfer\Debug\EngPrep.obj
C:\RML\Source\Transfer\Debug\EngPrimitives.obj
C:\RML\Source\Transfer\Debug\EngSynthes.obj
C:\RML\Source\Transfer\Debug\EngTerminTranslate.obj
C:\RML\Source\Transfer\Debug\EngTimeNodeTranslate.obj
C:\RML\Source\Transfer\Debug\EngVerbTense.obj
C:\RML\Source\Transfer\Debug\NodeHelper.obj
C:\RML\Source\Transfer\Debug\StdAfx.obj
C:\RML\Source\Transfer\Debug\TranseClause.obj
C:\RML\Source\Transfer\Debug\Transfer.pch
C:\RML\Source\Transfer\Debug\TranslateToEnglish.obj
C:\RML\Source\Transfer\Debug\TransPrepNoun.obj
C:\RML\Source\Transfer\Debug\TransRels.obj
C:\RML\Source\Transfer\Debug\TransRules.obj
C:\RML\Source\Transfer\Debug\TransTense.obj
C:\RML\Source\Transfer\Debug\vc120.idb
C:\RML\Source\Transfer\Debug\vc120.pdb
