Построение начато 31.10.2014 22:13:53.
     1>Проект "C:\RML\Source\AprDictGen\AprDictGen.vcxproj" в узле 2 (целевые объекты rebuild).
       Файл проекта содержит ToolsVersion="12.0". Возможно, этот набор инструментов неизвестен или отсутствует (в этом случае проблему можно устранить, установив подходящую версию MSBuild), либо для данной сборки определено конкретное значение ToolsVersion в параметрах политики. Проект обрабатывается как имеющий ToolsVersion="4.0". Дополнительные сведения см. по ссылке http://go.microsoft.com/fwlink/?LinkId=291333.
     1>Проект "C:\RML\Source\AprDictGen\AprDictGen.vcxproj" (1) выполняет построение "C:\RML\Source\BinaryDictsLib\BinaryDictsLib.vcxproj" (2) в узле 1 (целевые объекты GetTargetPath).
       Файл проекта содержит ToolsVersion="12.0". Возможно, этот набор инструментов неизвестен или отсутствует (в этом случае проблему можно устранить, установив подходящую версию MSBuild), либо для данной сборки определено конкретное значение ToolsVersion в параметрах политики. Проект обрабатывается как имеющий ToolsVersion="4.0". Дополнительные сведения см. по ссылке http://go.microsoft.com/fwlink/?LinkId=291333.
     1>Проект "C:\RML\Source\AprDictGen\AprDictGen.vcxproj" (1) выполняет построение "C:\RML\Source\AgramtabLib\AgramtabLib.vcxproj" (3) в узле 2 (целевые объекты GetTargetPath).
       Файл проекта содержит ToolsVersion="12.0". Возможно, этот набор инструментов неизвестен или отсутствует (в этом случае проблему можно устранить, установив подходящую версию MSBuild), либо для данной сборки определено конкретное значение ToolsVersion в параметрах политики. Проект обрабатывается как имеющий ToolsVersion="4.0". Дополнительные сведения см. по ссылке http://go.microsoft.com/fwlink/?LinkId=291333.
     3>C:\Program Files (x86)\MSBuild\Microsoft.Cpp\v4.0\Microsoft.Cpp.InvalidPlatform.Targets(22,7): error MSB8006: платформа для проекта "AgramtabLib.vcxproj" недопустима.  Платформа="MCD". Эта ошибка также может возникать при попытке другого проекта перейти по межпроектной ссылке к этому проекту, если этот проект выгружен или не включен в решение, а для построения ссылающегося проекта используется не такая же (или эквивалентная) платформа.
     3>Построение проекта "C:\RML\Source\AgramtabLib\AgramtabLib.vcxproj" завершено (целевые объекты GetTargetPath) с ошибкой.
     2>C:\Program Files (x86)\MSBuild\Microsoft.Cpp\v4.0\Microsoft.Cpp.InvalidPlatform.Targets(22,7): error MSB8006: платформа для проекта "BinaryDictsLib.vcxproj" недопустима.  Платформа="MCD". Эта ошибка также может возникать при попытке другого проекта перейти по межпроектной ссылке к этому проекту, если этот проект выгружен или не включен в решение, а для построения ссылающегося проекта используется не такая же (или эквивалентная) платформа.
     2>Построение проекта "C:\RML\Source\BinaryDictsLib\BinaryDictsLib.vcxproj" завершено (целевые объекты GetTargetPath) с ошибкой.
     1>Проект "C:\RML\Source\AprDictGen\AprDictGen.vcxproj" (1) выполняет построение "C:\RML\Source\StructDictLib\StructDictLib.vcxproj" (4) в узле 3 (целевые объекты GetTargetPath).
       Файл проекта содержит ToolsVersion="12.0". Возможно, этот набор инструментов неизвестен или отсутствует (в этом случае проблему можно устранить, установив подходящую версию MSBuild), либо для данной сборки определено конкретное значение ToolsVersion в параметрах политики. Проект обрабатывается как имеющий ToolsVersion="4.0". Дополнительные сведения см. по ссылке http://go.microsoft.com/fwlink/?LinkId=291333.
     4>C:\Program Files (x86)\MSBuild\Microsoft.Cpp\v4.0\Microsoft.Cpp.InvalidPlatform.Targets(22,7): error MSB8006: платформа для проекта "StructDictLib.vcxproj" недопустима.  Платформа="MCD". Эта ошибка также может возникать при попытке другого проекта перейти по межпроектной ссылке к этому проекту, если этот проект выгружен или не включен в решение, а для построения ссылающегося проекта используется не такая же (или эквивалентная) платформа.
     4>Построение проекта "C:\RML\Source\StructDictLib\StructDictLib.vcxproj" завершено (целевые объекты GetTargetPath) с ошибкой.
     1>Проект "C:\RML\Source\AprDictGen\AprDictGen.vcxproj" (1) выполняет построение "C:\RML\Source\GraphanLib\GraphanLib.vcxproj" (5) в узле 4 (целевые объекты GetTargetPath).
       Файл проекта содержит ToolsVersion="12.0". Возможно, этот набор инструментов неизвестен или отсутствует (в этом случае проблему можно устранить, установив подходящую версию MSBuild), либо для данной сборки определено конкретное значение ToolsVersion в параметрах политики. Проект обрабатывается как имеющий ToolsVersion="4.0". Дополнительные сведения см. по ссылке http://go.microsoft.com/fwlink/?LinkId=291333.
     5>C:\Program Files (x86)\MSBuild\Microsoft.Cpp\v4.0\Microsoft.Cpp.InvalidPlatform.Targets(22,7): error MSB8006: платформа для проекта "GraphanLib.vcxproj" недопустима.  Платформа="MCD". Эта ошибка также может возникать при попытке другого проекта перейти по межпроектной ссылке к этому проекту, если этот проект выгружен или не включен в решение, а для построения ссылающегося проекта используется не такая же (или эквивалентная) платформа.
     5>Построение проекта "C:\RML\Source\GraphanLib\GraphanLib.vcxproj" завершено (целевые объекты GetTargetPath) с ошибкой.
     1>Проект "C:\RML\Source\AprDictGen\AprDictGen.vcxproj" (1) выполняет построение "C:\RML\Source\LemmatizerLib\LemmatizerLib.vcxproj" (6) в узле 5 (целевые объекты GetTargetPath).
       Файл проекта содержит ToolsVersion="12.0". Возможно, этот набор инструментов неизвестен или отсутствует (в этом случае проблему можно устранить, установив подходящую версию MSBuild), либо для данной сборки определено конкретное значение ToolsVersion в параметрах политики. Проект обрабатывается как имеющий ToolsVersion="4.0". Дополнительные сведения см. по ссылке http://go.microsoft.com/fwlink/?LinkId=291333.
     6>C:\Program Files (x86)\MSBuild\Microsoft.Cpp\v4.0\Microsoft.Cpp.InvalidPlatform.Targets(22,7): error MSB8006: платформа для проекта "LemmatizerLib.vcxproj" недопустима.  Платформа="MCD". Эта ошибка также может возникать при попытке другого проекта перейти по межпроектной ссылке к этому проекту, если этот проект выгружен или не включен в решение, а для построения ссылающегося проекта используется не такая же (или эквивалентная) платформа.
     6>Построение проекта "C:\RML\Source\LemmatizerLib\LemmatizerLib.vcxproj" завершено (целевые объекты GetTargetPath) с ошибкой.
     1>Проект "C:\RML\Source\AprDictGen\AprDictGen.vcxproj" (1) выполняет построение "C:\RML\Source\MorphWizardLib\MorphWizardLib.vcxproj" (7) в узле 6 (целевые объекты GetTargetPath).
       Файл проекта содержит ToolsVersion="12.0". Возможно, этот набор инструментов неизвестен или отсутствует (в этом случае проблему можно устранить, установив подходящую версию MSBuild), либо для данной сборки определено конкретное значение ToolsVersion в параметрах политики. Проект обрабатывается как имеющий ToolsVersion="4.0". Дополнительные сведения см. по ссылке http://go.microsoft.com/fwlink/?LinkId=291333.
     7>C:\Program Files (x86)\MSBuild\Microsoft.Cpp\v4.0\Microsoft.Cpp.InvalidPlatform.Targets(22,7): error MSB8006: платформа для проекта "MorphWizardLib.vcxproj" недопустима.  Платформа="MCD". Эта ошибка также может возникать при попытке другого проекта перейти по межпроектной ссылке к этому проекту, если этот проект выгружен или не включен в решение, а для построения ссылающегося проекта используется не такая же (или эквивалентная) платформа.
     7>Построение проекта "C:\RML\Source\MorphWizardLib\MorphWizardLib.vcxproj" завершено (целевые объекты GetTargetPath) с ошибкой.
     1>Построение проекта "C:\RML\Source\AprDictGen\AprDictGen.vcxproj" завершено (целевые объекты rebuild) с ошибкой.

СБОЙ построения.

Затраченное время: 00:00:00.51
