Build started 30.03.2015 13:58:20.
     1>Project "C:\Users\hp9\workspace\untitled\RML\Source\LemmatizerLib\LemmatizerLib.vcxproj" on node 2 (Build target(s)).
       Project file contains ToolsVersion="12.0". This toolset may be unknown or missing, in which case you may be able to resolve this by installing the appropriate version of MSBuild, or the build may have been forced to a particular ToolsVersion for policy reasons. Treating the project as if it had ToolsVersion="4.0". For more information, please see http://go.microsoft.com/fwlink/?LinkId=291333.
     1>ClCompile:
         C:\Program Files (x86)\Microsoft Visual Studio 11.0\VC\bin\CL.exe /c /ZI /nologo /W3 /WX- /Od /Oy- /D WIN32 /D _DEBUG /D _LIB /Gm /EHsc /RTC1 /MDd /GS /fp:precise /Zc:wchar_t /Zc:forScope /Fo"Debug\\" /Fd"Debug\vc110.pdb" /Gd /TP /analyze- /errorReport:prompt CreatePredictionBase.cpp Lemmatizers.cpp MorphAutomat.cpp MorphAutomBuilder.cpp MorphDict.cpp MorphDictBuilder.cpp Paradigm.cpp PLMLineCollection.cpp Predict.cpp Statistic.cpp StdMorph.cpp
         StdMorph.cpp
         Statistic.cpp
         Predict.cpp
         PLMLineCollection.cpp
         Paradigm.cpp
         MorphDictBuilder.cpp
         MorphDict.cpp
         MorphAutomBuilder.cpp
         MorphAutomat.cpp
         Lemmatizers.cpp
         CreatePredictionBase.cpp
         Generating Code...
       Lib:
         C:\Program Files (x86)\Microsoft Visual Studio 11.0\VC\bin\Lib.exe /OUT:"Debug\LemmatizerLib.lib" /NOLOGO Debug\CreatePredictionBase.obj
         Debug\Lemmatizers.obj
         Debug\MorphAutomat.obj
         Debug\MorphAutomBuilder.obj
         Debug\MorphDict.obj
         Debug\MorphDictBuilder.obj
         Debug\Paradigm.obj
         Debug\PLMLineCollection.obj
         Debug\Predict.obj
         Debug\Statistic.obj
         Debug\StdMorph.obj
         LemmatizerLib.vcxproj -> C:\Users\hp9\workspace\untitled\RML\Source\LemmatizerLib\Debug\LemmatizerLib.lib
     1>Done Building Project "C:\Users\hp9\workspace\untitled\RML\Source\LemmatizerLib\LemmatizerLib.vcxproj" (Build target(s)).

Build succeeded.

Time Elapsed 00:00:37.22
