C:\RML\Source\SynanLib\Debug\Adverbs.obj
C:\RML\Source\SynanLib\Debug\AnalyticalForms.obj
C:\RML\Source\SynanLib\Debug\BaseRules.obj
C:\RML\Source\SynanLib\Debug\foreign_term.obj
C:\RML\Source\SynanLib\Debug\FragCoord.obj
C:\RML\Source\SynanLib\Debug\FragDisrupt.obj
C:\RML\Source\SynanLib\Debug\FragPustycha.obj
C:\RML\Source\SynanLib\Debug\gen_chains.obj
C:\RML\Source\SynanLib\Debug\Gleiche.obj
C:\RML\Source\SynanLib\Debug\HomonymsKiller.obj
C:\RML\Source\SynanLib\Debug\Names.obj
C:\RML\Source\SynanLib\Debug\noun_adjunct_group.obj
C:\RML\Source\SynanLib\Debug\NSO.obj
C:\RML\Source\SynanLib\Debug\Numbers.obj
C:\RML\Source\SynanLib\Debug\Participles.obj
C:\RML\Source\SynanLib\Debug\prepositions.obj
C:\RML\Source\SynanLib\Debug\RuleForSimilarNounGroupClauses.obj
C:\RML\Source\SynanLib\Debug\RusBuildInitialClauses.obj
C:\RML\Source\SynanLib\Debug\RusClause.obj
C:\RML\Source\SynanLib\Debug\RusFormatCaller.obj
C:\RML\Source\SynanLib\Debug\RusGroup.obj
C:\RML\Source\SynanLib\Debug\RusOborot.obj
C:\RML\Source\SynanLib\Debug\RusParenthesis.obj
C:\RML\Source\SynanLib\Debug\RusSentence.obj
C:\RML\Source\SynanLib\Debug\RusSyntaxOpt.obj
C:\RML\Source\SynanLib\Debug\RusThesaurus.obj
C:\RML\Source\SynanLib\Debug\RusWord.obj
C:\RML\Source\SynanLib\Debug\Selective.obj
C:\RML\Source\SynanLib\Debug\similar_adjs.obj
C:\RML\Source\SynanLib\Debug\similar_advs.obj
C:\RML\Source\SynanLib\Debug\similar_common.obj
C:\RML\Source\SynanLib\Debug\similar_infs.obj
C:\RML\Source\SynanLib\Debug\similar_noun_groups.obj
C:\RML\Source\SynanLib\Debug\similar_numerals.obj
C:\RML\Source\SynanLib\Debug\StdSynan.obj
C:\RML\Source\SynanLib\Debug\SynanDash.obj
C:\RML\Source\SynanLib\Debug\SynanLib.lib
C:\RML\Source\SynanLib\Debug\SynanLib.pch
C:\RML\Source\SynanLib\Debug\SynSubjPred.obj
C:\RML\Source\SynanLib\Debug\vc120.idb
C:\RML\Source\SynanLib\Debug\vc120.pdb
C:\RML\Source\SynanLib\Debug\Verbs.obj
