Построение начато 31.10.2014 22:22:51.
     1>Проект "C:\RML\Source\BinaryDictsLib\BinaryDictsLib.vcxproj" в узле 2 (целевые объекты rebuild).
       Файл проекта содержит ToolsVersion="12.0". Возможно, этот набор инструментов неизвестен или отсутствует (в этом случае проблему можно устранить, установив подходящую версию MSBuild), либо для данной сборки определено конкретное значение ToolsVersion в параметрах политики. Проект обрабатывается как имеющий ToolsVersion="4.0". Дополнительные сведения см. по ссылке http://go.microsoft.com/fwlink/?LinkId=291333.
     1>InitializeBuildStatus:
         Создание "Debug\BinaryDictsLib.unsuccessfulbuild", так как было задано "AlwaysCreate".
       ClCompile:
         c:\Program Files (x86)\Microsoft Visual Studio 10.0\VC\bin\CL.exe /c /nologo /W3 /WX- /O2 /Oy- /D WIN32 /D NDEBUG /D _LIB /D _VC80_UPGRADE=0x0710 /D _MBCS /Gm- /EHsc /MDd /GS /fp:precise /Zc:wchar_t /Zc:forScope /Yc"StdAfx.h" /Fp"Debug\BinaryDictsLib.pch" /Fo"Debug\\" /Fd"Debug\vc100.pdb" /Gd /TP /analyze- /errorReport:prompt stdafx.cpp
         stdafx.cpp
         c:\Program Files (x86)\Microsoft Visual Studio 10.0\VC\bin\CL.exe /c /nologo /W3 /WX- /O2 /Oy- /D WIN32 /D NDEBUG /D _LIB /D _VC80_UPGRADE=0x0710 /D _MBCS /Gm- /EHsc /MDd /GS /fp:precise /Zc:wchar_t /Zc:forScope /Yu"StdAfx.h" /Fp"Debug\BinaryDictsLib.pch" /Fo"Debug\\" /Fd"Debug\vc100.pdb" /Gd /TP /analyze- /errorReport:prompt AspPairDict.cpp BinaryDictionary.cpp DerivDict.cpp FreqDict.cpp SetOfWordPairs.cpp SynDictionary.cpp
         AspPairDict.cpp
         BinaryDictionary.cpp
         DerivDict.cpp
         FreqDict.cpp
         SetOfWordPairs.cpp
         SynDictionary.cpp
         Создание кода...
       Lib:
         c:\Program Files (x86)\Microsoft Visual Studio 10.0\VC\bin\Lib.exe /OUT:"Debug\BinaryDictsLib.lib" /NOLOGO Debug\AspPairDict.obj
         Debug\BinaryDictionary.obj
         Debug\DerivDict.obj
         Debug\FreqDict.obj
         Debug\SetOfWordPairs.obj
         Debug\stdafx.obj
         Debug\SynDictionary.obj
     1>stdafx.obj : warning LNK4221: ▌ЄюЄ Їрщы юс·хъЄр эх юяЁхфхы хЄ ъръшх-ышсю Ёрэхх эхюяЁхфхыхээ√х юЄъЁ√Є√х ёшьтюы√, яю¤Єюьє юэ эх сєфхЄ шёяюы№чютрЄ№ё  эшъръшьш юяхЁрЎш ьш ъюьяюэютъш, юсЁр∙р■∙шьшё  ъ ¤Єющ сшсышюЄхъх
         BinaryDictsLib.vcxproj -> C:\RML\Source\BinaryDictsLib\Debug\BinaryDictsLib.lib
       FinalizeBuildStatus:
         Файл "Debug\BinaryDictsLib.unsuccessfulbuild" удаляется.
         Обращение к "Debug\BinaryDictsLib.lastbuildstate".
     1>Построение проекта "C:\RML\Source\BinaryDictsLib\BinaryDictsLib.vcxproj" завершено (целевые объекты rebuild).

Построение успешно завершено.

Затраченное время: 00:00:09.28
