Build started 30.03.2015 14:15:24.
     1>Project "C:\Users\hp9\workspace\untitled\RML\Source\SynCommonLib\SynCommonLib.vcxproj" on node 2 (Build target(s)).
       Project file contains ToolsVersion="12.0". This toolset may be unknown or missing, in which case you may be able to resolve this by installing the appropriate version of MSBuild, or the build may have been forced to a particular ToolsVersion for policy reasons. Treating the project as if it had ToolsVersion="4.0". For more information, please see http://go.microsoft.com/fwlink/?LinkId=291333.
     1>ClCompile:
         C:\Program Files (x86)\Microsoft Visual Studio 11.0\VC\bin\CL.exe /c /ZI /nologo /W3 /WX- /Od /Oy- /D WIN32 /D _DEBUG /D _LIB /D RUSSIAN_SYNTAX /D _VC80_UPGRADE=0x0710 /D _MBCS /Gm- /EHsc /RTC1 /MDd /GS /fp:precise /Zc:wchar_t /Zc:forScope /Yc"stdafx.h" /Fp"Debug\SynCommonLib.pch" /Fo"Debug\\" /Fd"Debug\vc110.pdb" /Gd /TP /analyze- /errorReport:prompt stdafx.cpp
         stdafx.cpp
         C:\Program Files (x86)\Microsoft Visual Studio 11.0\VC\bin\CL.exe /c /ZI /nologo /W3 /WX- /Od /Oy- /D WIN32 /D _DEBUG /D _LIB /D RUSSIAN_SYNTAX /D _VC80_UPGRADE=0x0710 /D _MBCS /Gm- /EHsc /RTC1 /MDd /GS /fp:precise /Zc:wchar_t /Zc:forScope /Fo"Debug\\" /Fd"Debug\vc110.pdb" /Gd /TP /analyze- /errorReport:prompt ..\common\AncodePattern.cpp ..\common\Homonym.cpp ..\common\LemWord.cpp
         AncodePattern.cpp
         Homonym.cpp
         LemWord.cpp
         Generating Code...
         C:\Program Files (x86)\Microsoft Visual Studio 11.0\VC\bin\CL.exe /c /ZI /nologo /W3 /WX- /Od /Oy- /D WIN32 /D _DEBUG /D _LIB /D RUSSIAN_SYNTAX /D _VC80_UPGRADE=0x0710 /D _MBCS /Gm- /EHsc /RTC1 /MDd /GS /fp:precise /Zc:wchar_t /Zc:forScope /Yu"stdafx.h" /Fp"Debug\SynCommonLib.pch" /Fo"Debug\\" /Fd"Debug\vc110.pdb" /Gd /TP /analyze- /errorReport:prompt BuildInitialClauses.cpp Clause.cpp ClauseCollection.cpp CoverageKillHomonyms.cpp FindTermins.cpp FormatCaller.cpp GLRFormats.cpp Group.cpp MorphVariant.cpp oborot.cpp RelationsIterator.cpp Sentence.cpp SynPlmLine.cpp SyntaxInit.cpp ThesaurusForSyntax.cpp Word.cpp
         BuildInitialClauses.cpp
         Clause.cpp
         ClauseCollection.cpp
         CoverageKillHomonyms.cpp
         FindTermins.cpp
         FormatCaller.cpp
         GLRFormats.cpp
         Group.cpp
     1>c:\users\hp9\workspace\untitled\rml\source\synanlib\stdsynan.h(8): warning C4005: 'RUSSIAN_SYNTAX' : macro redefinition
                 command-line arguments :  see previous definition of 'RUSSIAN_SYNTAX'
         MorphVariant.cpp
         oborot.cpp
         RelationsIterator.cpp
         Sentence.cpp
     1>c:\users\hp9\workspace\untitled\rml\source\synanlib\stdsynan.h(8): warning C4005: 'RUSSIAN_SYNTAX' : macro redefinition
                 command-line arguments :  see previous definition of 'RUSSIAN_SYNTAX'
         SynPlmLine.cpp
     1>c:\program files (x86)\microsoft visual studio 11.0\vc\include\xutility(2176): warning C4996: 'std::_Copy_impl': Function call with parameters that may be unsafe - this call relies on the caller to check that the passed values are correct. To disable this warning, use -D_SCL_SECURE_NO_WARNINGS. See documentation on how to use Visual C++ 'Checked Iterators'
                 c:\program files (x86)\microsoft visual studio 11.0\vc\include\xutility(2157) : see declaration of 'std::_Copy_impl'
                 c:\users\hp9\workspace\untitled\rml\source\syncommonlib\synplmline.cpp(60) : see reference to function template instantiation '_OutIt std::copy<std::_String_iterator<_Mystr>,char*>(_InIt,_InIt,_OutIt)' being compiled
                 with
                 [
                     _OutIt=char *,
                     _Mystr=std::_String_val<std::_Simple_types<char>>,
                     _InIt=std::_String_iterator<std::_String_val<std::_Simple_types<char>>>
                 ]
         SyntaxInit.cpp
         ThesaurusForSyntax.cpp
         Word.cpp
         Generating Code...
         C:\Program Files (x86)\Microsoft Visual Studio 11.0\VC\bin\CL.exe /c /ZI /nologo /W3 /WX- /Od /Oy- /D GERMAN_SYNTAX /D WIN32 /D _DEBUG /D _LIB /D RUSSIAN_SYNTAX /D _VC80_UPGRADE=0x0710 /D _MBCS /Gm- /EHsc /RTC1 /MDd /GS /fp:precise /Zc:wchar_t /Zc:forScope /Yu"stdafx.h" /Fp"Debug\SynCommonLib.pch" /Fo"Debug\\" /Fd"Debug\vc110.pdb" /Gd /TP /analyze- /errorReport:prompt SentencesCollection.cpp
         SentencesCollection.cpp
       Lib:
         C:\Program Files (x86)\Microsoft Visual Studio 11.0\VC\bin\Lib.exe /OUT:"Debug\SynCommonLib.lib" /NOLOGO Debug\AncodePattern.obj
         Debug\BuildInitialClauses.obj
         Debug\Clause.obj
         Debug\ClauseCollection.obj
         Debug\CoverageKillHomonyms.obj
         Debug\FindTermins.obj
         Debug\FormatCaller.obj
         Debug\GLRFormats.obj
         Debug\Group.obj
         Debug\Homonym.obj
         Debug\LemWord.obj
         Debug\MorphVariant.obj
         Debug\oborot.obj
         Debug\RelationsIterator.obj
         Debug\Sentence.obj
         Debug\SentencesCollection.obj
         Debug\stdafx.obj
         Debug\SynPlmLine.obj
         Debug\SyntaxInit.obj
         Debug\ThesaurusForSyntax.obj
         Debug\Word.obj
         SynCommonLib.vcxproj -> C:\Users\hp9\workspace\untitled\RML\Source\SynCommonLib\Debug\SynCommonLib.lib
     1>Done Building Project "C:\Users\hp9\workspace\untitled\RML\Source\SynCommonLib\SynCommonLib.vcxproj" (Build target(s)).

Build succeeded.

Time Elapsed 00:01:07.91
