C:\RML\Source\SynCommonLib\Debug\AncodePattern.obj
C:\RML\Source\SynCommonLib\Debug\BuildInitialClauses.obj
C:\RML\Source\SynCommonLib\Debug\Clause.obj
C:\RML\Source\SynCommonLib\Debug\ClauseCollection.obj
C:\RML\Source\SynCommonLib\Debug\CoverageKillHomonyms.obj
C:\RML\Source\SynCommonLib\Debug\FindTermins.obj
C:\RML\Source\SynCommonLib\Debug\FormatCaller.obj
C:\RML\Source\SynCommonLib\Debug\GLRFormats.obj
C:\RML\Source\SynCommonLib\Debug\Group.obj
C:\RML\Source\SynCommonLib\Debug\Homonym.obj
C:\RML\Source\SynCommonLib\Debug\LemWord.obj
C:\RML\Source\SynCommonLib\Debug\MorphVariant.obj
C:\RML\Source\SynCommonLib\Debug\oborot.obj
C:\RML\Source\SynCommonLib\Debug\RelationsIterator.obj
C:\RML\Source\SynCommonLib\Debug\Sentence.obj
C:\RML\Source\SynCommonLib\Debug\SentencesCollection.obj
C:\RML\Source\SynCommonLib\Debug\stdafx.obj
C:\RML\Source\SynCommonLib\Debug\SynCommonLib.lib
C:\RML\Source\SynCommonLib\Debug\SynCommonLib.pch
C:\RML\Source\SynCommonLib\Debug\SynPlmLine.obj
C:\RML\Source\SynCommonLib\Debug\SyntaxInit.obj
C:\RML\Source\SynCommonLib\Debug\ThesaurusForSyntax.obj
C:\RML\Source\SynCommonLib\Debug\vc120.idb
C:\RML\Source\SynCommonLib\Debug\vc120.pdb
C:\RML\Source\SynCommonLib\Debug\Word.obj
