Build started 30.03.2015 13:59:36.
     1>Project "C:\Users\hp9\workspace\untitled\RML\Source\MAPostLib\MAPostLib.vcxproj" on node 2 (Build target(s)).
       Project file contains ToolsVersion="12.0". This toolset may be unknown or missing, in which case you may be able to resolve this by installing the appropriate version of MSBuild, or the build may have been forced to a particular ToolsVersion for policy reasons. Treating the project as if it had ToolsVersion="4.0". For more information, please see http://go.microsoft.com/fwlink/?LinkId=291333.
     1>ClCompile:
         C:\Program Files (x86)\Microsoft Visual Studio 11.0\VC\bin\CL.exe /c /ZI /nologo /W3 /WX- /Od /Oy- /D WIN32 /D _DEBUG /D _LIB /D USE_TRIGRAM_LEMMATIZER /D _VC80_UPGRADE=0x0710 /D _MBCS /Gm- /EHsc /RTC1 /MDd /GS /fp:precise /Zc:wchar_t /Zc:forScope /Fo".\Debug/" /Fd".\Debug/vc110.pdb" /Gd /TP /analyze- /errorReport:prompt ..\common\AncodePattern.cpp Fio.cpp ..\common\Homonym.cpp ..\common\LemWord.cpp MAPostInit.cpp MAPostMain.cpp PostLemWord.cpp ..\common\rus_numerals.cpp
         AncodePattern.cpp
         Fio.cpp
         Homonym.cpp
         LemWord.cpp
         MAPostInit.cpp
         MAPostMain.cpp
         PostLemWord.cpp
         rus_numerals.cpp
         Generating Code...
       Lib:
         C:\Program Files (x86)\Microsoft Visual Studio 11.0\VC\bin\Lib.exe /OUT:".\Debug\MAPostLib.lib" /NOLOGO .\Debug/AncodePattern.obj
         .\Debug/Fio.obj
         .\Debug/Homonym.obj
         .\Debug/LemWord.obj
         .\Debug/MAPostInit.obj
         .\Debug/MAPostMain.obj
         .\Debug/PostLemWord.obj
         .\Debug/rus_numerals.obj
         MAPostLib.vcxproj -> C:\Users\hp9\workspace\untitled\RML\Source\MAPostLib\Debug\MAPostLib.lib
     1>Done Building Project "C:\Users\hp9\workspace\untitled\RML\Source\MAPostLib\MAPostLib.vcxproj" (Build target(s)).

Build succeeded.

Time Elapsed 00:00:20.15
