Построение начато 31.10.2014 22:40:10.
     1>Проект "C:\RML\Source\SemanLib\SemanLib.vcxproj" в узле 2 (целевые объекты rebuild).
       Файл проекта содержит ToolsVersion="12.0". Возможно, этот набор инструментов неизвестен или отсутствует (в этом случае проблему можно устранить, установив подходящую версию MSBuild), либо для данной сборки определено конкретное значение ToolsVersion в параметрах политики. Проект обрабатывается как имеющий ToolsVersion="4.0". Дополнительные сведения см. по ссылке http://go.microsoft.com/fwlink/?LinkId=291333.
     1>InitializeBuildStatus:
         Создание "Debug\SemanLib.unsuccessfulbuild", так как было задано "AlwaysCreate".
       ClCompile:
         c:\Program Files (x86)\Microsoft Visual Studio 10.0\VC\bin\CL.exe /c /ZI /nologo /W3 /WX- /Od /Oy- /D WIN32 /D _DEBUG /D _LIB /D _VC80_UPGRADE=0x0710 /D _MBCS /Gm /EHsc /RTC1 /MDd /GS /fp:precise /Zc:wchar_t /Zc:forScope /Yc"StdAfx.h" /Fp"Debug\SemanLib.pch" /Fo"Debug\\" /Fd"Debug\vc100.pdb" /Gd /TP /analyze- /errorReport:prompt stdafx.cpp /Zc:forScope 
         stdafx.cpp
         c:\Program Files (x86)\Microsoft Visual Studio 10.0\VC\bin\CL.exe /c /ZI /nologo /W3 /WX- /Od /Oy- /D WIN32 /D _DEBUG /D _LIB /D _VC80_UPGRADE=0x0710 /D _MBCS /Gm /EHsc /RTC1 /MDd /GS /fp:precise /Zc:wchar_t /Zc:forScope /Yu"StdAfx.h" /Fp"Debug\SemanLib.pch" /Fo"Debug\\" /Fd"Debug\vc100.pdb" /Gd /TP /analyze- /errorReport:prompt AllRossesHolder.cpp DictUnitInterp.cpp GenerateNewForm.cpp HierarchyHolder.cpp RossHolder.cpp RussianSynthesis.cpp SemanHypotGraph.cpp SemanPattern.cpp SemanticAnswer.cpp SemanticClause.cpp SemanticColloc.cpp SemanticCommon.cpp SemanticCompar.cpp SemanticGraph.cpp SemanticIdealize.cpp SemanticLength.cpp SemanticLexFuncts.cpp SemanticLexVariant.cpp SemanticLoc.cpp SemanticMNA.cpp SemanticNumeral.cpp SemanticRusPrimitives.cpp SemanticsHolder.cpp SemanticStrAn.cpp SemanticSynRelation.cpp SemanticThesaurus.cpp SemanticTime.cpp SemanticTree.cpp SemanticWeight.cpp SemPattern.cpp SemStructureBuilder.cpp TransferSyntaxRelationToSemantics.cpp TranslatorHolder.cpp Valency.cpp /Zc:forScope 
         Valency.cpp
         TranslatorHolder.cpp
         TransferSyntaxRelationToSemantics.cpp
         SemStructureBuilder.cpp
         SemPattern.cpp
         SemanticWeight.cpp
         SemanticTree.cpp
         SemanticTime.cpp
         SemanticThesaurus.cpp
         SemanticSynRelation.cpp
         SemanticStrAn.cpp
         SemanticsHolder.cpp
         SemanticRusPrimitives.cpp
         SemanticNumeral.cpp
         SemanticMNA.cpp
         SemanticLoc.cpp
         SemanticLexVariant.cpp
         SemanticLexFuncts.cpp
         SemanticLength.cpp
         SemanticIdealize.cpp
         Создание кода...
         Компиляция...
         SemanticGraph.cpp
         SemanticCompar.cpp
         SemanticCommon.cpp
         SemanticColloc.cpp
         SemanticClause.cpp
     1>c:\rml\source\semanlib\semanticclause.cpp(1958): warning C4146: применение унарного минуса к типу без знака; результат оставлен без знака
         SemanticAnswer.cpp
         SemanPattern.cpp
         SemanHypotGraph.cpp
         RussianSynthesis.cpp
         RossHolder.cpp
         HierarchyHolder.cpp
         GenerateNewForm.cpp
         DictUnitInterp.cpp
         AllRossesHolder.cpp
         Создание кода...
         c:\Program Files (x86)\Microsoft Visual Studio 10.0\VC\bin\CL.exe /c /ZI /nologo /W3 /WX- /Od /Oy- /D WIN32 /D _DEBUG /D _LIB /D _VC80_UPGRADE=0x0710 /D _MBCS /Gm /EHsc /RTC1 /MDd /GS /fp:precise /Zc:wchar_t /Zc:forScope /Fo"Debug\\" /Fd"Debug\vc100.pdb" /Gd /TP /analyze- /errorReport:prompt ..\common\SyntaxHolder.cpp /Zc:forScope 
         SyntaxHolder.cpp
       Lib:
         c:\Program Files (x86)\Microsoft Visual Studio 10.0\VC\bin\Lib.exe /OUT:"Debug\SemanLib.lib" /NOLOGO Debug\AllRossesHolder.obj
         Debug\DictUnitInterp.obj
         Debug\GenerateNewForm.obj
         Debug\HierarchyHolder.obj
         Debug\RossHolder.obj
         Debug\RussianSynthesis.obj
         Debug\SemanHypotGraph.obj
         Debug\SemanPattern.obj
         Debug\SemanticAnswer.obj
         Debug\SemanticClause.obj
         Debug\SemanticColloc.obj
         Debug\SemanticCommon.obj
         Debug\SemanticCompar.obj
         Debug\SemanticGraph.obj
         Debug\SemanticIdealize.obj
         Debug\SemanticLength.obj
         Debug\SemanticLexFuncts.obj
         Debug\SemanticLexVariant.obj
         Debug\SemanticLoc.obj
         Debug\SemanticMNA.obj
         Debug\SemanticNumeral.obj
         Debug\SemanticRusPrimitives.obj
         Debug\SemanticsHolder.obj
         Debug\SemanticStrAn.obj
         Debug\SemanticSynRelation.obj
         Debug\SemanticThesaurus.obj
         Debug\SemanticTime.obj
         Debug\SemanticTree.obj
         Debug\SemanticWeight.obj
         Debug\SemPattern.obj
         Debug\SemStructureBuilder.obj
         Debug\stdafx.obj
         Debug\SyntaxHolder.obj
         Debug\TransferSyntaxRelationToSemantics.obj
         Debug\TranslatorHolder.obj
         Debug\Valency.obj
     1>stdafx.obj : warning LNK4221: ▌ЄюЄ Їрщы юс·хъЄр эх юяЁхфхы хЄ ъръшх-ышсю Ёрэхх эхюяЁхфхыхээ√х юЄъЁ√Є√х ёшьтюы√, яю¤Єюьє юэ эх сєфхЄ шёяюы№чютрЄ№ё  эшъръшьш юяхЁрЎш ьш ъюьяюэютъш, юсЁр∙р■∙шьшё  ъ ¤Єющ сшсышюЄхъх
         SemanLib.vcxproj -> C:\RML\Source\SemanLib\Debug\SemanLib.lib
       FinalizeBuildStatus:
         Файл "Debug\SemanLib.unsuccessfulbuild" удаляется.
         Обращение к "Debug\SemanLib.lastbuildstate".
     1>Построение проекта "C:\RML\Source\SemanLib\SemanLib.vcxproj" завершено (целевые объекты rebuild).

Построение успешно завершено.

Затраченное время: 00:02:03.82
