C:\RML\Source\SemanLib\Debug\AllRossesHolder.obj
C:\RML\Source\SemanLib\Debug\DictUnitInterp.obj
C:\RML\Source\SemanLib\Debug\GenerateNewForm.obj
C:\RML\Source\SemanLib\Debug\HierarchyHolder.obj
C:\RML\Source\SemanLib\Debug\RossHolder.obj
C:\RML\Source\SemanLib\Debug\RussianSynthesis.obj
C:\RML\Source\SemanLib\Debug\SemanHypotGraph.obj
C:\RML\Source\SemanLib\Debug\SemanLib.lib
C:\RML\Source\SemanLib\Debug\SemanLib.pch
C:\RML\Source\SemanLib\Debug\SemanPattern.obj
C:\RML\Source\SemanLib\Debug\SemanticAnswer.obj
C:\RML\Source\SemanLib\Debug\SemanticClause.obj
C:\RML\Source\SemanLib\Debug\SemanticColloc.obj
C:\RML\Source\SemanLib\Debug\SemanticCommon.obj
C:\RML\Source\SemanLib\Debug\SemanticCompar.obj
C:\RML\Source\SemanLib\Debug\SemanticGraph.obj
C:\RML\Source\SemanLib\Debug\SemanticIdealize.obj
C:\RML\Source\SemanLib\Debug\SemanticLength.obj
C:\RML\Source\SemanLib\Debug\SemanticLexFuncts.obj
C:\RML\Source\SemanLib\Debug\SemanticLexVariant.obj
C:\RML\Source\SemanLib\Debug\SemanticLoc.obj
C:\RML\Source\SemanLib\Debug\SemanticMNA.obj
C:\RML\Source\SemanLib\Debug\SemanticNumeral.obj
C:\RML\Source\SemanLib\Debug\SemanticRusPrimitives.obj
C:\RML\Source\SemanLib\Debug\SemanticsHolder.obj
C:\RML\Source\SemanLib\Debug\SemanticStrAn.obj
C:\RML\Source\SemanLib\Debug\SemanticSynRelation.obj
C:\RML\Source\SemanLib\Debug\SemanticThesaurus.obj
C:\RML\Source\SemanLib\Debug\SemanticTime.obj
C:\RML\Source\SemanLib\Debug\SemanticTree.obj
C:\RML\Source\SemanLib\Debug\SemanticWeight.obj
C:\RML\Source\SemanLib\Debug\SemPattern.obj
C:\RML\Source\SemanLib\Debug\SemStructureBuilder.obj
C:\RML\Source\SemanLib\Debug\stdafx.obj
C:\RML\Source\SemanLib\Debug\SyntaxHolder.obj
C:\RML\Source\SemanLib\Debug\TransferSyntaxRelationToSemantics.obj
C:\RML\Source\SemanLib\Debug\TranslatorHolder.obj
C:\RML\Source\SemanLib\Debug\Valency.obj
C:\RML\Source\SemanLib\Debug\vc120.idb
C:\RML\Source\SemanLib\Debug\vc120.pdb
